1586654970202	mozrunner::runner	INFO	Running command: "C:\\Program Files\\Mozilla Firefox\\firefox.exe" "-marionette" "-foreground" "-no-remote" "-profile" "C:\\Users\\maruf\\AppData\\Local\\Temp\\rust_mozprofileY2eRRK"
1586654971321	addons.webextension.doh-rollout@mozilla.org	WARN	Loading extension 'doh-rollout@mozilla.org': Reading manifest: Invalid extension permission: networkStatus
1586654972873	addons.webextension.screenshots@mozilla.org	WARN	Loading extension 'screenshots@mozilla.org': Reading manifest: Invalid extension permission: mozillaAddons
1586654972873	addons.webextension.screenshots@mozilla.org	WARN	Loading extension 'screenshots@mozilla.org': Reading manifest: Invalid extension permission: telemetry
1586654972887	addons.webextension.screenshots@mozilla.org	WARN	Loading extension 'screenshots@mozilla.org': Reading manifest: Invalid extension permission: resource://pdf.js/
1586654972887	addons.webextension.screenshots@mozilla.org	WARN	Loading extension 'screenshots@mozilla.org': Reading manifest: Invalid extension permission: about:reader*
JavaScript error: resource://gre/modules/XULStore.jsm, line 66: Error: Can't find profile directory.
1586654979358	Marionette	INFO	Listening on port 52578
1586654981794	Marionette	WARN	TLS certificate errors will be ignored for this session
1586655000604	Marionette	INFO	Stopped listening on port 52578

###!!! [Child][MessageChannel::SendAndWait] Error: Channel error: cannot send/recv

1586655131352	mozrunner::runner	INFO	Running command: "C:\\Program Files\\Mozilla Firefox\\firefox.exe" "-marionette" "-foreground" "-no-remote" "-profile" "C:\\Users\\maruf\\AppData\\Local\\Temp\\rust_mozprofileq8CEM5"
1586655132243	addons.webextension.doh-rollout@mozilla.org	WARN	Loading extension 'doh-rollout@mozilla.org': Reading manifest: Invalid extension permission: networkStatus
1586655133805	addons.webextension.screenshots@mozilla.org	WARN	Loading extension 'screenshots@mozilla.org': Reading manifest: Invalid extension permission: mozillaAddons
1586655133805	addons.webextension.screenshots@mozilla.org	WARN	Loading extension 'screenshots@mozilla.org': Reading manifest: Invalid extension permission: telemetry
1586655133805	addons.webextension.screenshots@mozilla.org	WARN	Loading extension 'screenshots@mozilla.org': Reading manifest: Invalid extension permission: resource://pdf.js/
1586655133805	addons.webextension.screenshots@mozilla.org	WARN	Loading extension 'screenshots@mozilla.org': Reading manifest: Invalid extension permission: about:reader*
JavaScript error: resource://gre/modules/XULStore.jsm, line 66: Error: Can't find profile directory.
1586655137121	Marionette	INFO	Listening on port 52688
1586655137153	Marionette	WARN	TLS certificate errors will be ignored for this session
JavaScript error: resource://activity-stream/lib/ActivityStreamPrefs.jsm, line 27: NS_ERROR_ILLEGAL_VALUE: Component returned failure code: 0x80070057 (NS_ERROR_ILLEGAL_VALUE) [nsIPrefBranch.removeObserver]
1586655139242	addons.xpi	WARN	Addon with ID amazondotcom@search.mozilla.org already installed, older version will be disabled
1586655139243	addons.xpi-utils	WARN	Error: XPI database modified after shutdown began(resource://gre/modules/addons/XPIDatabase.jsm:1540:17) JS Stack trace: saveChanges@XPIDatabase.jsm:1540:17
makeAddonVisible@XPIDatabase.jsm:2347:10
addToDatabase@XPIDatabase.jsm:2274:12
install@XPIInstall.jsm:4343:27
update@XPIProvider.jsm:2052:13
1586655139244	addons.xpi-utils	WARN	Error: XPI database modified after shutdown began(resource://gre/modules/addons/XPIDatabase.jsm:1540:17) JS Stack trace: saveChanges@XPIDatabase.jsm:1540:17
addToDatabase@XPIDatabase.jsm:2277:10
install@XPIInstall.jsm:4343:27
update@XPIProvider.jsm:2052:13
1586655139288	addons.xpi	WARN	Addon with ID bing@search.mozilla.org already installed, older version will be disabled
1586655139289	addons.xpi-utils	WARN	Error: XPI database modified after shutdown began(resource://gre/modules/addons/XPIDatabase.jsm:1540:17) JS Stack trace: saveChanges@XPIDatabase.jsm:1540:17
makeAddonVisible@XPIDatabase.jsm:2347:10
addToDatabase@XPIDatabase.jsm:2274:12
install@XPIInstall.jsm:4343:27
update@XPIProvider.jsm:2052:13
1586655139289	addons.xpi-utils	WARN	Error: XPI database modified after shutdown began(resource://gre/modules/addons/XPIDatabase.jsm:1540:17) JS Stack trace: saveChanges@XPIDatabase.jsm:1540:17
addToDatabase@XPIDatabase.jsm:2277:10
install@XPIInstall.jsm:4343:27
update@XPIProvider.jsm:2052:13
1586655139324	addons.xpi	WARN	Addon with ID ebay@search.mozilla.org already installed, older version will be disabled
1586655139325	addons.xpi-utils	WARN	Error: XPI database modified after shutdown began(resource://gre/modules/addons/XPIDatabase.jsm:1540:17) JS Stack trace: saveChanges@XPIDatabase.jsm:1540:17
makeAddonVisible@XPIDatabase.jsm:2347:10
addToDatabase@XPIDatabase.jsm:2274:12
install@XPIInstall.jsm:4343:27
update@XPIProvider.jsm:2052:13
1586655139326	addons.xpi-utils	WARN	Error: XPI database modified after shutdown began(resource://gre/modules/addons/XPIDatabase.jsm:1540:17) JS Stack trace: saveChanges@XPIDatabase.jsm:1540:17
addToDatabase@XPIDatabase.jsm:2277:10
install@XPIInstall.jsm:4343:27
update@XPIProvider.jsm:2052:13
1586655139355	addons.xpi	WARN	Addon with ID google@search.mozilla.org already installed, older version will be disabled
1586655139357	addons.xpi-utils	WARN	Error: XPI database modified after shutdown began(resource://gre/modules/addons/XPIDatabase.jsm:1540:17) JS Stack trace: saveChanges@XPIDatabase.jsm:1540:17
makeAddonVisible@XPIDatabase.jsm:2347:10
addToDatabase@XPIDatabase.jsm:2274:12
install@XPIInstall.jsm:4343:27
update@XPIProvider.jsm:2052:13
1586655139357	addons.xpi-utils	WARN	Error: XPI database modified after shutdown began(resource://gre/modules/addons/XPIDatabase.jsm:1540:17) JS Stack trace: saveChanges@XPIDatabase.jsm:1540:17
addToDatabase@XPIDatabase.jsm:2277:10
install@XPIInstall.jsm:4343:27
update@XPIProvider.jsm:2052:13
1586655139392	addons.xpi	WARN	Addon with ID twitter@search.mozilla.org already installed, older version will be disabled
1586655139393	addons.xpi-utils	WARN	Error: XPI database modified after shutdown began(resource://gre/modules/addons/XPIDatabase.jsm:1540:17) JS Stack trace: saveChanges@XPIDatabase.jsm:1540:17
makeAddonVisible@XPIDatabase.jsm:2347:10
addToDatabase@XPIDatabase.jsm:2274:12
install@XPIInstall.jsm:4343:27
update@XPIProvider.jsm:2052:13
1586655139393	addons.xpi-utils	WARN	Error: XPI database modified after shutdown began(resource://gre/modules/addons/XPIDatabase.jsm:1540:17) JS Stack trace: saveChanges@XPIDatabase.jsm:1540:17
addToDatabase@XPIDatabase.jsm:2277:10
install@XPIInstall.jsm:4343:27
update@XPIProvider.jsm:2052:13
1586655139462	addons.xpi	WARN	Addon with ID wikipedia@search.mozilla.org already installed, older version will be disabled
1586655139463	addons.xpi-utils	WARN	Error: XPI database modified after shutdown began(resource://gre/modules/addons/XPIDatabase.jsm:1540:17) JS Stack trace: saveChanges@XPIDatabase.jsm:1540:17
makeAddonVisible@XPIDatabase.jsm:2347:10
addToDatabase@XPIDatabase.jsm:2274:12
install@XPIInstall.jsm:4343:27
update@XPIProvider.jsm:2052:13
1586655139464	addons.xpi-utils	WARN	Error: XPI database modified after shutdown began(resource://gre/modules/addons/XPIDatabase.jsm:1540:17) JS Stack trace: saveChanges@XPIDatabase.jsm:1540:17
addToDatabase@XPIDatabase.jsm:2277:10
install@XPIInstall.jsm:4343:27
update@XPIProvider.jsm:2052:13
1586655142748	addons.xpi	WARN	Addon with ID ddg@search.mozilla.org already installed, older version will be disabled
1586655142749	addons.xpi-utils	WARN	Error: XPI database modified after shutdown began(resource://gre/modules/addons/XPIDatabase.jsm:1540:17) JS Stack trace: saveChanges@XPIDatabase.jsm:1540:17
makeAddonVisible@XPIDatabase.jsm:2347:10
addToDatabase@XPIDatabase.jsm:2274:12
install@XPIInstall.jsm:4343:27
update@XPIProvider.jsm:2052:13
1586655142750	addons.xpi-utils	WARN	Error: XPI database modified after shutdown began(resource://gre/modules/addons/XPIDatabase.jsm:1540:17) JS Stack trace: saveChanges@XPIDatabase.jsm:1540:17
addToDatabase@XPIDatabase.jsm:2277:10
install@XPIInstall.jsm:4343:27
update@XPIProvider.jsm:2052:13
JavaScript error: resource://activity-stream/lib/DiscoveryStreamFeed.jsm, line 799: TypeError: items is undefined
JavaScript error: resource://gre/modules/Sqlite.jsm, line 923: Error: Connection is not open.
1586655144935	Marionette	INFO	Stopped listening on port 52688

###!!! [Child][RunMessage] Error: Channel closing: too late to send/recv, messages will be lost


###!!! [Child][MessageChannel] Error: (msgtype=0xB70014,name=PWindowGlobal::Msg_Destroy) Channel closing: too late to send/recv, messages will be lost


###!!! [Child][MessageChannel::SendAndWait] Error: Channel error: cannot send/recv

1586655155044	mozrunner::runner	INFO	Running command: "C:\\Program Files\\Mozilla Firefox\\firefox.exe" "-marionette" "-foreground" "-no-remote" "-profile" "C:\\Users\\maruf\\AppData\\Local\\Temp\\rust_mozprofile3s4nwh"
1586655155952	addons.webextension.doh-rollout@mozilla.org	WARN	Loading extension 'doh-rollout@mozilla.org': Reading manifest: Invalid extension permission: networkStatus
1586655157538	addons.webextension.screenshots@mozilla.org	WARN	Loading extension 'screenshots@mozilla.org': Reading manifest: Invalid extension permission: mozillaAddons
1586655157538	addons.webextension.screenshots@mozilla.org	WARN	Loading extension 'screenshots@mozilla.org': Reading manifest: Invalid extension permission: telemetry
1586655157538	addons.webextension.screenshots@mozilla.org	WARN	Loading extension 'screenshots@mozilla.org': Reading manifest: Invalid extension permission: resource://pdf.js/
1586655157538	addons.webextension.screenshots@mozilla.org	WARN	Loading extension 'screenshots@mozilla.org': Reading manifest: Invalid extension permission: about:reader*
JavaScript error: resource://gre/modules/XULStore.jsm, line 66: Error: Can't find profile directory.
1586655161949	Marionette	INFO	Listening on port 52728
1586655161981	Marionette	WARN	TLS certificate errors will be ignored for this session
1586655167587	Marionette	INFO	Stopped listening on port 52728
JavaScript error: resource://gre/modules/UrlClassifierListManager.jsm, line 680: TypeError: this.tablesData[table] is undefined

###!!! [Child][RunMessage] Error: Channel closing: too late to send/recv, messages will be lost


###!!! [Child][MessageChannel::SendAndWait] Error: Channel error: cannot send/recv

1586655562343	mozrunner::runner	INFO	Running command: "C:\\Program Files\\Mozilla Firefox\\firefox.exe" "-marionette" "-foreground" "-no-remote" "-profile" "C:\\Users\\maruf\\AppData\\Local\\Temp\\rust_mozprofileifHkK0"
1586655563375	addons.webextension.doh-rollout@mozilla.org	WARN	Loading extension 'doh-rollout@mozilla.org': Reading manifest: Invalid extension permission: networkStatus
1586655565058	addons.webextension.screenshots@mozilla.org	WARN	Loading extension 'screenshots@mozilla.org': Reading manifest: Invalid extension permission: mozillaAddons
1586655565058	addons.webextension.screenshots@mozilla.org	WARN	Loading extension 'screenshots@mozilla.org': Reading manifest: Invalid extension permission: telemetry
1586655565058	addons.webextension.screenshots@mozilla.org	WARN	Loading extension 'screenshots@mozilla.org': Reading manifest: Invalid extension permission: resource://pdf.js/
1586655565058	addons.webextension.screenshots@mozilla.org	WARN	Loading extension 'screenshots@mozilla.org': Reading manifest: Invalid extension permission: about:reader*
JavaScript error: resource://gre/modules/XULStore.jsm, line 66: Error: Can't find profile directory.
1586655569908	Marionette	INFO	Listening on port 53226
1586655570185	Marionette	WARN	TLS certificate errors will be ignored for this session
1586655575335	Marionette	INFO	Stopped listening on port 53226

###!!! [Child][RunMessage] Error: Channel closing: too late to send/recv, messages will be lost


###!!! [Child][MessageChannel::SendAndWait] Error: Channel error: cannot send/recv

1586655807608	mozrunner::runner	INFO	Running command: "C:\\Program Files\\Mozilla Firefox\\firefox.exe" "-marionette" "-foreground" "-no-remote" "-profile" "C:\\Users\\maruf\\AppData\\Local\\Temp\\rust_mozprofilejUPpQo"
1586655808416	addons.webextension.doh-rollout@mozilla.org	WARN	Loading extension 'doh-rollout@mozilla.org': Reading manifest: Invalid extension permission: networkStatus
1586655809905	addons.webextension.screenshots@mozilla.org	WARN	Loading extension 'screenshots@mozilla.org': Reading manifest: Invalid extension permission: mozillaAddons
1586655809906	addons.webextension.screenshots@mozilla.org	WARN	Loading extension 'screenshots@mozilla.org': Reading manifest: Invalid extension permission: telemetry
1586655809906	addons.webextension.screenshots@mozilla.org	WARN	Loading extension 'screenshots@mozilla.org': Reading manifest: Invalid extension permission: resource://pdf.js/
1586655809906	addons.webextension.screenshots@mozilla.org	WARN	Loading extension 'screenshots@mozilla.org': Reading manifest: Invalid extension permission: about:reader*
JavaScript error: resource://gre/modules/XULStore.jsm, line 66: Error: Can't find profile directory.
1586655813259	Marionette	INFO	Listening on port 53298
1586655813502	Marionette	WARN	TLS certificate errors will be ignored for this session
1586655830953	Marionette	INFO	Stopped listening on port 53298

###!!! [Child][RunMessage] Error: Channel closing: too late to send/recv, messages will be lost


###!!! [Child][MessageChannel::SendAndWait] Error: Channel error: cannot send/recv

1586655849017	mozrunner::runner	INFO	Running command: "C:\\Program Files\\Mozilla Firefox\\firefox.exe" "-marionette" "-foreground" "-no-remote" "-profile" "C:\\Users\\maruf\\AppData\\Local\\Temp\\rust_mozprofileSIG6D0"
1586655850065	addons.webextension.doh-rollout@mozilla.org	WARN	Loading extension 'doh-rollout@mozilla.org': Reading manifest: Invalid extension permission: networkStatus
1586655851599	addons.webextension.screenshots@mozilla.org	WARN	Loading extension 'screenshots@mozilla.org': Reading manifest: Invalid extension permission: mozillaAddons
1586655851599	addons.webextension.screenshots@mozilla.org	WARN	Loading extension 'screenshots@mozilla.org': Reading manifest: Invalid extension permission: telemetry
1586655851599	addons.webextension.screenshots@mozilla.org	WARN	Loading extension 'screenshots@mozilla.org': Reading manifest: Invalid extension permission: resource://pdf.js/
1586655851599	addons.webextension.screenshots@mozilla.org	WARN	Loading extension 'screenshots@mozilla.org': Reading manifest: Invalid extension permission: about:reader*
JavaScript error: resource://gre/modules/XULStore.jsm, line 66: Error: Can't find profile directory.
1586655855700	Marionette	INFO	Listening on port 53370
1586655855933	Marionette	WARN	TLS certificate errors will be ignored for this session
JavaScript error: resource://activity-stream/lib/ActivityStreamPrefs.jsm, line 27: NS_ERROR_ILLEGAL_VALUE: Component returned failure code: 0x80070057 (NS_ERROR_ILLEGAL_VALUE) [nsIPrefBranch.removeObserver]
JavaScript error: resource://services-settings/RemoteSettingsClient.jsm, line 123: Error: Unknown callback
1586655857694	addons.xpi	WARN	Addon with ID amazondotcom@search.mozilla.org already installed, older version will be disabled
1586655857695	addons.xpi-utils	WARN	Error: XPI database modified after shutdown began(resource://gre/modules/addons/XPIDatabase.jsm:1540:17) JS Stack trace: saveChanges@XPIDatabase.jsm:1540:17
makeAddonVisible@XPIDatabase.jsm:2347:10
addToDatabase@XPIDatabase.jsm:2274:12
install@XPIInstall.jsm:4343:27
update@XPIProvider.jsm:2052:13
1586655857696	addons.xpi-utils	WARN	Error: XPI database modified after shutdown began(resource://gre/modules/addons/XPIDatabase.jsm:1540:17) JS Stack trace: saveChanges@XPIDatabase.jsm:1540:17
addToDatabase@XPIDatabase.jsm:2277:10
install@XPIInstall.jsm:4343:27
update@XPIProvider.jsm:2052:13
1586655857742	addons.xpi	WARN	Addon with ID bing@search.mozilla.org already installed, older version will be disabled
1586655857743	addons.xpi-utils	WARN	Error: XPI database modified after shutdown began(resource://gre/modules/addons/XPIDatabase.jsm:1540:17) JS Stack trace: saveChanges@XPIDatabase.jsm:1540:17
makeAddonVisible@XPIDatabase.jsm:2347:10
addToDatabase@XPIDatabase.jsm:2274:12
install@XPIInstall.jsm:4343:27
update@XPIProvider.jsm:2052:13
1586655857743	addons.xpi-utils	WARN	Error: XPI database modified after shutdown began(resource://gre/modules/addons/XPIDatabase.jsm:1540:17) JS Stack trace: saveChanges@XPIDatabase.jsm:1540:17
addToDatabase@XPIDatabase.jsm:2277:10
install@XPIInstall.jsm:4343:27
update@XPIProvider.jsm:2052:13
1586655857782	addons.xpi	WARN	Addon with ID ebay@search.mozilla.org already installed, older version will be disabled
1586655857783	addons.xpi-utils	WARN	Error: XPI database modified after shutdown began(resource://gre/modules/addons/XPIDatabase.jsm:1540:17) JS Stack trace: saveChanges@XPIDatabase.jsm:1540:17
makeAddonVisible@XPIDatabase.jsm:2347:10
addToDatabase@XPIDatabase.jsm:2274:12
install@XPIInstall.jsm:4343:27
update@XPIProvider.jsm:2052:13
1586655857784	addons.xpi-utils	WARN	Error: XPI database modified after shutdown began(resource://gre/modules/addons/XPIDatabase.jsm:1540:17) JS Stack trace: saveChanges@XPIDatabase.jsm:1540:17
addToDatabase@XPIDatabase.jsm:2277:10
install@XPIInstall.jsm:4343:27
update@XPIProvider.jsm:2052:13
1586655857823	addons.xpi	WARN	Addon with ID google@search.mozilla.org already installed, older version will be disabled
1586655857825	addons.xpi-utils	WARN	Error: XPI database modified after shutdown began(resource://gre/modules/addons/XPIDatabase.jsm:1540:17) JS Stack trace: saveChanges@XPIDatabase.jsm:1540:17
makeAddonVisible@XPIDatabase.jsm:2347:10
addToDatabase@XPIDatabase.jsm:2274:12
install@XPIInstall.jsm:4343:27
update@XPIProvider.jsm:2052:13
1586655857825	addons.xpi-utils	WARN	Error: XPI database modified after shutdown began(resource://gre/modules/addons/XPIDatabase.jsm:1540:17) JS Stack trace: saveChanges@XPIDatabase.jsm:1540:17
addToDatabase@XPIDatabase.jsm:2277:10
install@XPIInstall.jsm:4343:27
update@XPIProvider.jsm:2052:13
1586655857865	addons.xpi	WARN	Addon with ID twitter@search.mozilla.org already installed, older version will be disabled
1586655857865	addons.xpi-utils	WARN	Error: XPI database modified after shutdown began(resource://gre/modules/addons/XPIDatabase.jsm:1540:17) JS Stack trace: saveChanges@XPIDatabase.jsm:1540:17
makeAddonVisible@XPIDatabase.jsm:2347:10
addToDatabase@XPIDatabase.jsm:2274:12
install@XPIInstall.jsm:4343:27
update@XPIProvider.jsm:2052:13
1586655857866	addons.xpi-utils	WARN	Error: XPI database modified after shutdown began(resource://gre/modules/addons/XPIDatabase.jsm:1540:17) JS Stack trace: saveChanges@XPIDatabase.jsm:1540:17
addToDatabase@XPIDatabase.jsm:2277:10
install@XPIInstall.jsm:4343:27
update@XPIProvider.jsm:2052:13
1586655857958	addons.xpi	WARN	Addon with ID wikipedia@search.mozilla.org already installed, older version will be disabled
1586655857959	addons.xpi-utils	WARN	Error: XPI database modified after shutdown began(resource://gre/modules/addons/XPIDatabase.jsm:1540:17) JS Stack trace: saveChanges@XPIDatabase.jsm:1540:17
makeAddonVisible@XPIDatabase.jsm:2347:10
addToDatabase@XPIDatabase.jsm:2274:12
install@XPIInstall.jsm:4343:27
update@XPIProvider.jsm:2052:13
1586655857959	addons.xpi-utils	WARN	Error: XPI database modified after shutdown began(resource://gre/modules/addons/XPIDatabase.jsm:1540:17) JS Stack trace: saveChanges@XPIDatabase.jsm:1540:17
addToDatabase@XPIDatabase.jsm:2277:10
install@XPIInstall.jsm:4343:27
update@XPIProvider.jsm:2052:13
1586655860417	addons.xpi	WARN	Addon with ID ddg@search.mozilla.org already installed, older version will be disabled
JavaScript error: resource://gre/modules/Sqlite.jsm, line 923: Error: Connection is not open.
JavaScript error: resource://activity-stream/lib/DiscoveryStreamFeed.jsm, line 799: TypeError: items is undefined
JavaScript error: resource://gre/modules/Sqlite.jsm, line 923: Error: Connection is not open.
1586655862695	Marionette	INFO	Stopped listening on port 53370

###!!! [Child][RunMessage] Error: Channel closing: too late to send/recv, messages will be lost


###!!! [Child][MessageChannel] Error: (msgtype=0xB70014,name=PWindowGlobal::Msg_Destroy) Channel closing: too late to send/recv, messages will be lost


###!!! [Child][MessageChannel::SendAndWait] Error: Channel error: cannot send/recv

1586655866583	mozrunner::runner	INFO	Running command: "C:\\Program Files\\Mozilla Firefox\\firefox.exe" "-marionette" "-foreground" "-no-remote" "-profile" "C:\\Users\\maruf\\AppData\\Local\\Temp\\rust_mozprofileikPu4C"
1586655867734	addons.webextension.doh-rollout@mozilla.org	WARN	Loading extension 'doh-rollout@mozilla.org': Reading manifest: Invalid extension permission: networkStatus
1586655870168	addons.webextension.screenshots@mozilla.org	WARN	Loading extension 'screenshots@mozilla.org': Reading manifest: Invalid extension permission: mozillaAddons
1586655870169	addons.webextension.screenshots@mozilla.org	WARN	Loading extension 'screenshots@mozilla.org': Reading manifest: Invalid extension permission: telemetry
1586655870169	addons.webextension.screenshots@mozilla.org	WARN	Loading extension 'screenshots@mozilla.org': Reading manifest: Invalid extension permission: resource://pdf.js/
1586655870169	addons.webextension.screenshots@mozilla.org	WARN	Loading extension 'screenshots@mozilla.org': Reading manifest: Invalid extension permission: about:reader*
JavaScript error: resource://gre/modules/XULStore.jsm, line 66: Error: Can't find profile directory.
1586655874196	Marionette	INFO	Listening on port 53407
1586655874496	Marionette	WARN	TLS certificate errors will be ignored for this session
JavaScript error: resource://activity-stream/lib/ActivityStreamPrefs.jsm, line 27: NS_ERROR_ILLEGAL_VALUE: Component returned failure code: 0x80070057 (NS_ERROR_ILLEGAL_VALUE) [nsIPrefBranch.removeObserver]
1586655876206	addons.xpi	WARN	Addon with ID amazondotcom@search.mozilla.org already installed, older version will be disabled
1586655876250	addons.xpi-utils	WARN	Error: XPI database modified after shutdown began(resource://gre/modules/addons/XPIDatabase.jsm:1540:17) JS Stack trace: saveChanges@XPIDatabase.jsm:1540:17
makeAddonVisible@XPIDatabase.jsm:2347:10
addToDatabase@XPIDatabase.jsm:2274:12
install@XPIInstall.jsm:4343:27
update@XPIProvider.jsm:2052:13
1586655876251	addons.xpi-utils	WARN	Error: XPI database modified after shutdown began(resource://gre/modules/addons/XPIDatabase.jsm:1540:17) JS Stack trace: saveChanges@XPIDatabase.jsm:1540:17
addToDatabase@XPIDatabase.jsm:2277:10
install@XPIInstall.jsm:4343:27
update@XPIProvider.jsm:2052:13
1586655876298	addons.xpi	WARN	Addon with ID bing@search.mozilla.org already installed, older version will be disabled
1586655876298	addons.xpi-utils	WARN	Error: XPI database modified after shutdown began(resource://gre/modules/addons/XPIDatabase.jsm:1540:17) JS Stack trace: saveChanges@XPIDatabase.jsm:1540:17
makeAddonVisible@XPIDatabase.jsm:2347:10
addToDatabase@XPIDatabase.jsm:2274:12
install@XPIInstall.jsm:4343:27
update@XPIProvider.jsm:2052:13
1586655876299	addons.xpi-utils	WARN	Error: XPI database modified after shutdown began(resource://gre/modules/addons/XPIDatabase.jsm:1540:17) JS Stack trace: saveChanges@XPIDatabase.jsm:1540:17
addToDatabase@XPIDatabase.jsm:2277:10
install@XPIInstall.jsm:4343:27
update@XPIProvider.jsm:2052:13
1586655876330	addons.xpi	WARN	Addon with ID ebay@search.mozilla.org already installed, older version will be disabled
1586655876330	addons.xpi-utils	WARN	Error: XPI database modified after shutdown began(resource://gre/modules/addons/XPIDatabase.jsm:1540:17) JS Stack trace: saveChanges@XPIDatabase.jsm:1540:17
makeAddonVisible@XPIDatabase.jsm:2347:10
addToDatabase@XPIDatabase.jsm:2274:12
install@XPIInstall.jsm:4343:27
update@XPIProvider.jsm:2052:13
1586655876330	addons.xpi-utils	WARN	Error: XPI database modified after shutdown began(resource://gre/modules/addons/XPIDatabase.jsm:1540:17) JS Stack trace: saveChanges@XPIDatabase.jsm:1540:17
addToDatabase@XPIDatabase.jsm:2277:10
install@XPIInstall.jsm:4343:27
update@XPIProvider.jsm:2052:13
1586655876362	addons.xpi	WARN	Addon with ID google@search.mozilla.org already installed, older version will be disabled
1586655876364	addons.xpi-utils	WARN	Error: XPI database modified after shutdown began(resource://gre/modules/addons/XPIDatabase.jsm:1540:17) JS Stack trace: saveChanges@XPIDatabase.jsm:1540:17
makeAddonVisible@XPIDatabase.jsm:2347:10
addToDatabase@XPIDatabase.jsm:2274:12
install@XPIInstall.jsm:4343:27
update@XPIProvider.jsm:2052:13
1586655876364	addons.xpi-utils	WARN	Error: XPI database modified after shutdown began(resource://gre/modules/addons/XPIDatabase.jsm:1540:17) JS Stack trace: saveChanges@XPIDatabase.jsm:1540:17
addToDatabase@XPIDatabase.jsm:2277:10
install@XPIInstall.jsm:4343:27
update@XPIProvider.jsm:2052:13
1586655876398	addons.xpi	WARN	Addon with ID twitter@search.mozilla.org already installed, older version will be disabled
1586655876399	addons.xpi-utils	WARN	Error: XPI database modified after shutdown began(resource://gre/modules/addons/XPIDatabase.jsm:1540:17) JS Stack trace: saveChanges@XPIDatabase.jsm:1540:17
makeAddonVisible@XPIDatabase.jsm:2347:10
addToDatabase@XPIDatabase.jsm:2274:12
install@XPIInstall.jsm:4343:27
update@XPIProvider.jsm:2052:13
1586655876399	addons.xpi-utils	WARN	Error: XPI database modified after shutdown began(resource://gre/modules/addons/XPIDatabase.jsm:1540:17) JS Stack trace: saveChanges@XPIDatabase.jsm:1540:17
addToDatabase@XPIDatabase.jsm:2277:10
install@XPIInstall.jsm:4343:27
update@XPIProvider.jsm:2052:13
1586655876470	addons.xpi	WARN	Addon with ID wikipedia@search.mozilla.org already installed, older version will be disabled
1586655876471	addons.xpi-utils	WARN	Error: XPI database modified after shutdown began(resource://gre/modules/addons/XPIDatabase.jsm:1540:17) JS Stack trace: saveChanges@XPIDatabase.jsm:1540:17
makeAddonVisible@XPIDatabase.jsm:2347:10
addToDatabase@XPIDatabase.jsm:2274:12
install@XPIInstall.jsm:4343:27
update@XPIProvider.jsm:2052:13
1586655876471	addons.xpi-utils	WARN	Error: XPI database modified after shutdown began(resource://gre/modules/addons/XPIDatabase.jsm:1540:17) JS Stack trace: saveChanges@XPIDatabase.jsm:1540:17
addToDatabase@XPIDatabase.jsm:2277:10
install@XPIInstall.jsm:4343:27
update@XPIProvider.jsm:2052:13
1586655878897	addons.xpi	WARN	Addon with ID ddg@search.mozilla.org already installed, older version will be disabled
JavaScript error: resource://gre/modules/Sqlite.jsm, line 923: Error: Connection is not open.
JavaScript error: resource://activity-stream/lib/DiscoveryStreamFeed.jsm, line 799: TypeError: items is undefined
JavaScript error: resource://gre/modules/Sqlite.jsm, line 923: Error: Connection is not open.
console.error: (new Error("SessionFile is closed", "resource:///modules/sessionstore/SessionFile.jsm", 433))
1586655910221	Marionette	INFO	Stopped listening on port 53407

###!!! [Child][RunMessage] Error: Channel closing: too late to send/recv, messages will be lost


###!!! [Child][MessageChannel] Error: (msgtype=0xB70014,name=PWindowGlobal::Msg_Destroy) Channel closing: too late to send/recv, messages will be lost


###!!! [Child][MessageChannel::SendAndWait] Error: Channel error: cannot send/recv

nvalid extension permission: mozillaAddons
1586655888817	addons.webextension.screenshots@mozilla.org	WARN	Loading extension 'screenshots@mozilla.org': Reading manifest: Invalid extension permission: telemetry
1586655888817	addons.webextension.screenshots@mozilla.org	WARN	Loading extension 'screenshots@mozilla.org': Reading manifest: Invalid extension permission: resource://pdf.js/
1586655888817	addons.webextension.screenshots@mozilla.org	WARN	Loading extension 'screenshots@mozilla.org': Reading manifest: Invalid extension permission: about:reader*
JavaScript error: resource://gre/modules/XULStore.jsm, line 66: Error: Can't find profile directory.
1586655893279	Marionette	INFO	Listening on port 53455
1586655893655	Marionette	WARN	TLS certificate errors will be ignored for this session
1586655930917	Marionette	INFO	Stopped listening on port 53455

###!!! [Child][RunMessage] Error: Channel closing: too late to send/recv, messages will be lost


###!!! [Child][MessageChannel::SendAndWait] Error: Channel error: cannot send/recv

1587265307167	mozrunner::runner	INFO	Running command: "C:\\Program Files\\Mozilla Firefox\\firefox.exe" "-marionette" "-foreground" "-no-remote" "-profile" "C:\\Users\\maruf\\AppData\\Local\\Temp\\rust_mozprofilehHRAeP"
1587265315157	addons.webextension.doh-rollout@mozilla.org	WARN	Loading extension 'doh-rollout@mozilla.org': Reading manifest: Invalid extension permission: networkStatus
1587265319953	addons.webextension.screenshots@mozilla.org	WARN	Loading extension 'screenshots@mozilla.org': Reading manifest: Invalid extension permission: mozillaAddons
1587265319953	addons.webextension.screenshots@mozilla.org	WARN	Loading extension 'screenshots@mozilla.org': Reading manifest: Invalid extension permission: telemetry
1587265319953	addons.webextension.screenshots@mozilla.org	WARN	Loading extension 'screenshots@mozilla.org': Reading manifest: Invalid extension permission: resource://pdf.js/
1587265319954	addons.webextension.screenshots@mozilla.org	WARN	Loading extension 'screenshots@mozilla.org': Reading manifest: Invalid extension permission: about:reader*
JavaScript error: resource://gre/modules/XULStore.jsm, line 66: Error: Can't find profile directory.
console.error: "Could not write session state file " (new Error("_initWorker called too early! Please read the session file from disk first.", "resource:///modules/sessionstore/SessionFile.jsm", 375)) "_initWorker/<@resource:///modules/sessionstore/SessionFile.jsm:375:15\n_initWorker@resource:///modules/sessionstore/SessionFile.jsm:368:12\n_postToWorker@resource:///modules/sessionstore/SessionFile.jsm:410:16\nwrite@resource:///modules/sessionstore/SessionFile.jsm:448:24\nwrite@resource:///modules/sessionstore/SessionFile.jsm:75:32\n_writeState@resource:///modules/sessionstore/SessionSaver.jsm:360:24\n_saveState@resource:///modules/sessionstore/SessionSaver.jsm:294:17\n_saveStateAsync@resource:///modules/sessionstore/SessionSaver.jsm:344:10\nsaveStateAsyncWhenIdle@resource:///modules/sessionstore/SessionSaver.jsm:191:14\ncallback@resource://gre/modules/Timer.jsm:127:16\n"
1587265337733	Marionette	INFO	Listening on port 50729
1587265338270	Marionette	WARN	TLS certificate errors will be ignored for this session

###!!! [Child][RunMessage] Error: Channel closing: too late to send/recv, messages will be lost

console.error: (new Error("SessionFile is closed", "resource:///modules/sessionstore/SessionFile.jsm", 433))
1587265374716	Marionette	INFO	Stopped listening on port 50729

###!!! [Child][RunMessage] Error: Channel closing: too late to send/recv, messages will be lost


###!!! [Child][MessageChannel::SendAndWait] Error: Channel error: cannot send/recv

xtension 'screenshots@mozilla.org': Reading manifest: Invalid extension permission: mozillaAddons
1587265364012	addons.webextension.screenshots@mozilla.org	WARN	Loading extension 'screenshots@mozilla.org': Reading manifest: Invalid extension permission: telemetry
1587265364013	addons.webextension.screenshots@mozilla.org	WARN	Loading extension 'screenshots@mozilla.org': Reading manifest: Invalid extension permission: resource://pdf.js/
1587265364013	addons.webextension.screenshots@mozilla.org	WARN	Loading extension 'screenshots@mozilla.org': Reading manifest: Invalid extension permission: about:reader*
JavaScript error: resource://gre/modules/XULStore.jsm, line 66: Error: Can't find profile directory.
1587265370739	Marionette	INFO	Listening on port 50801
1587265370843	Marionette	WARN	TLS certificate errors will be ignored for this session
JavaScript error: resource://activity-stream/lib/ActivityStreamPrefs.jsm, line 27: NS_ERROR_ILLEGAL_VALUE: Component returned failure code: 0x80070057 (NS_ERROR_ILLEGAL_VALUE) [nsIPrefBranch.removeObserver]
JavaScript error: resource://services-settings/RemoteSettingsClient.jsm, line 123: Error: Unknown callback
JavaScript error: resource://activity-stream/lib/DiscoveryStreamFeed.jsm, line 799: TypeError: items is undefined
JavaScript error: resource://gre/modules/Sqlite.jsm, line 923: Error: Connection is not open.
console.error: (new Error("SessionFile is closed", "resource:///modules/sessionstore/SessionFile.jsm", 433))
1587265389087	Marionette	INFO	Stopped listening on port 50801

###!!!1587265390276	mozrunner::runner	INFO	Running command: "C:\\Program Files\\Mozilla Firefox\\firefox.exe" "-marionette" "-foreground" "-no-remote" "-profile" "C:\\Users\\maruf\\AppData\\Local\\Temp\\rust_mozprofile5ZeKRy"
1587265393070	addons.webextension.doh-rollout@mozilla.org	WARN	Loading extension 'doh-rollout@mozilla.org': Reading manifest: Invalid extension permission: networkStatus
1587265399482	addons.webextension.screenshots@mozilla.org	WARN	Loading extension 'screenshots@mozilla.org': Reading manifest: Invalid extension permission: mozillaAddons
1587265399483	addons.webextension.screenshots@mozilla.org	WARN	Loading extension 'screenshots@mozilla.org': Reading manifest: Invalid extension permission: telemetry
1587265399484	addons.webextension.screenshots@mozilla.org	WARN	Loading extension 'screenshots@mozilla.org': Reading manifest: Invalid extension permission: resource://pdf.js/
1587265399484	addons.webextension.screenshots@mozilla.org	WARN	Loading extension 'screenshJavaScript error: resource://activity-stream/lib/PlacesFeed.jsm, line 195: NS_ERROR_XPC_GS_RETURNED_FAILURE: ServiceManager::GetService returned failure code:
JavaScript error: resou1587265406385	addons.xpi-utils	WARN	Error: XPI database modified after shutdown began(resource://gre/modules/addons/XPIDatabase.jsm:1540:17) JS Stack trace: saveChanges@XPIDatabase.jsm:1540:17
makeAddonVisible@XPIDatabase.jsm:2347:10
addToDatabase@XPIDatabase.jsm:2274:12
install@XPIInstall.jsm:4343:27
_activateAddon@XPIInstall.jsm:4370:7
1587265406386	addons.xpi-utils	WARN	Error: XPI database modified after shutdown began(resource://gre/modules/addons/XPIDatabase.jsm:1540:17) JS Stack trace: saveChanges@XPIDatabase.jsm:1540:17
addToDatabase@XPIDatabase.jsm:2277:10
install@XPIInstall.jsm:43
###!!! [Parent][DispatchAsyncMessage] Error: PBackgroundIDBFactory::Msg_PBackgroundIDBFactoryRequestConstructor Value error: message was deserialized, but contained an illegal value


###!!! [Child][RunMessage] Error: Channel closing: too late to send/recv, messages will be lost


###!!! [Child][MessageChannel] Error: (msgtype=0xB70014,name=PWindowGlobal::Msg_Destroy) Channel closing: too late to send/recv, messages will be lost


###!!! [Child][MessageChannel::SendAndWait] Error: Channel error: cannot send/recv

S Stack trace: saveChanges@XPIDatabase.jsm:1540:17
addToDatabase@XPIDatabase.jsm:2277:10
install@XPIInstall.jsm:4343:27
_activateAddon@XPIInstall.jsm:4370:7
1587265406488	addons.xpi-utils	WARN	Error: XPI database modified after shutdown began(resource://gre/modules/addons/XPIDatabase.jsm:1540:17) JS Stack trace: saveChanges@XPIDatabase.jsm:1540:17
makeAddonVisible@XPIDatabase.jsm:2347:10
addToDatabase@XPIDatabase.jsm:2274:12
install@XPIInstall.jsm:4343:27
_activateAddon@XPIInstall.jsm:4370:7
1587265406489	addons.xpi-utils	WARN	Error: XPI database modified after shutdown began(resource://gre/modules/addons/XPIDatabase.jsm:1540:17) JS Stack trace: saveChanges@XPIDatabase.jsm:1540:17
addToDatabase@XPIDatabase.jsm:2277:10
install@XPIInstall.jsm:4343:27
_activateAddon@XPIInstall.jsm:4370:7
1587265406527	addons.xpi-utils	WARN	Error: XPI database modified after shutdown began(resource://gre/modules/addons/XPIDatabase.jsm:1540:17) JS Stack trace: saveChanges@XPIDatabase.jsm:1540:17
makeAddonVisible@XPIDatabase.jsm:2347:10
addToDatabase@XPIDatabase.jsm:2274:12
install@XPIInstall.jsm:4343:27
_activateAddon@XPIInstall.jsm:4370:7
1587265406528	addons.xpi-utils	WARN	Error: XPI database modified after shutdown began(resource://gre/modules/addons/XPIDatabase.jsm:1540:17) JS Stack trace: saveChanges@XPIDatabase.jsm:1540:17
addToDatabase@XPIDatabase.jsm:2277:10
install@XPIInstall.jsm:4343:27
_activateAddon@XPIInstall.jsm:4370:7
1587265406578	addons.xpi-utils	WARN	Error: XPI database modified after shutdown began(resource://gre/modules/addons/XPIDatabase.jsm:1540:17) JS Stack trace: saveChanges@XPIDatabase.jsm:1540:17
makeAddonVisible@XPIDatabase.jsm:2347:10
addToDatabase@XPIDatabase.jsm:2274:12
install@XPIInstall.jsm:4343:27
_activateAddon@XPIInstall.jsm:4370:7
1587265406579	addons.xpi-utils	WARN	Error: XPI database modified after shutdown began(resource://gre/modules/addons/XPIDatabase.jsm:1540:17) JS Stack trace: saveChanges@XPIDatabase.jsm:1540:17
addToDatabase@XPIDatabase.jsm:2277:10
install@XPIInstall.jsm:4343:27
_activateAddon@XPIInstall.jsm:4370:7
1587265406612	addons.xpi-utils	WARN	Error: XPI database modified after shutdown began(resource://gre/modules/addons/XPIDatabase.jsm:1540:17) JS Stack trace: saveChanges@XPIDatabase.jsm:1540:17
makeAddonVisible@XPIDatabase.jsm:2347:10
addToDatabase@XPIDatabase.jsm:2274:12
install@XPIInstall.jsm:4343:27
_activateAddon@XPIInstall.jsm:4370:7
1587265406612	addons.xpi-utils	WARN	Error: XPI database modified after shutdown began(resource://gre/modules/addons/XPIDatabase.jsm:1540:17) JS Stack trace: saveChanges@XPIDatabase.jsm:1540:17
addToDatabase@XPIDatabase.jsm:2277:10
install@XPIInstall.jsm:4343:27
_activateAddon@XPIInstall.jsm:4370:7
1587265406696	addons.xpi-utils	WARN	Error: XPI database modified after shutdown began(resource://gre/modules/addons/XPIDatabase.jsm:1540:17) JS Stack trace: saveChanges@XPIDatabase.jsm:1540:17
makeAddonVisible@XPIDatabase.jsm:2347:10
addToDatabase@XPIDatabase.jsm:2274:12
install@XPIInstall.jsm:4343:27
_activateAddon@XPIInstall.jsm:4370:7
1587265406696	addons.xpi-utils	WARN	Error: XPI database modified after shutdown began(resource://gre/modules/addons/XPIDatabase.jsm:1540:17) JS Stack trace: saveChanges@XPIDatabase.jsm:1540:17
addToDatabase@XPIDatabase.jsm:2277:10
install@XPIInstall.jsm:4343:27
_activateAddon@XPIInstall.jsm:4370:7
JavaScript error: resource://gre/modules/AsyncShutdown.jsm, line 694: Error: Phase "profile-before-change" is finished, it is too late to register completion condition "Flush WebExtension StartupCache"

###!!! [Child][RunMessage] Error: Channel closing: too late to send/recv, messages will be lost


###!!! [Child][MessageChannel::SendAndWait] Error: Channel error: cannot send/recv

1587265591997	mozrunner::runner	INFO	Running command: "C:\\Program Files\\Mozilla Firefox\\firefox.exe" "-marionette" "-foreground" "-no-remote" "-profile" "C:\\Users\\maruf\\AppData\\Local\\Temp\\rust_mozprofile62wi4e"
1587265592971	addons.webextension.doh-rollout@mozilla.org	WARN	Loading extension 'doh-rollout@mozilla.org': Reading manifest: Invalid extension permission: networkStatus
1587265594566	addons.webextension.screenshots@mozilla.org	WARN	Loading extension 'screenshots@mozilla.org': Reading manifest: Invalid extension permission: mozillaAddons
1587265594566	addons.webextension.screenshots@mozilla.org	WARN	Loading extension 'screenshots@mozilla.org': Reading manifest: Invalid extension permission: telemetry
1587265594567	addons.webextension.screenshots@mozilla.org	WARN	Loading extension 'screenshots@mozilla.org': Reading manifest: Invalid extension permission: resource://pdf.js/
1587265594567	addons.webextension.screenshots@mozilla.org	WARN	Loading extension 'screenshots@mozilla.org': Reading manifest: Invalid extension permission: about:reader*
JavaScript error: resource://gre/modules/XULStore.jsm, line 66: Error: Can't find profile directory.
1587265598211	Marionette	INFO	Listening on port 50961
1587265598389	Marionette	WARN	TLS certificate errors will be ignored for this session
1587265616820	Marionette	INFO	Stopped listening on port 50961

###!!! [Child][RunMessage] Error: Channel closing: too late to send/recv, messages will be lost


###!!! [Child][MessageChannel::SendAndWait] Error: Channel error: cannot send/recv

1587265687499	mozrunner::runner	INFO	Running command: "C:\\Program Files\\Mozilla Firefox\\firefox.exe" "-marionette" "-foreground" "-no-remote" "-profile" "C:\\Users\\maruf\\AppData\\Local\\Temp\\rust_mozprofilephoSsu"
1587265688503	addons.webextension.doh-rollout@mozilla.org	WARN	Loading extension 'doh-rollout@mozilla.org': Reading manifest: Invalid extension permission: networkStatus
1587265690096	addons.webextension.screenshots@mozilla.org	WARN	Loading extension 'screenshots@mozilla.org': Reading manifest: Invalid extension permission: mozillaAddons
1587265690096	addons.webextension.screenshots@mozilla.org	WARN	Loading extension 'screenshots@mozilla.org': Reading manifest: Invalid extension permission: telemetry
1587265690096	addons.webextension.screenshots@mozilla.org	WARN	Loading extension 'screenshots@mozilla.org': Reading manifest: Invalid extension permission: resource://pdf.js/
1587265690097	addons.webextension.screenshots@mozilla.org	WARN	Loading extension 'screenshots@mozilla.org': Reading manifest: Invalid extension permission: about:reader*
JavaScript error: resource://gre/modules/XULStore.jsm, line 66: Error: Can't find profile directory.
1587265693629	Marionette	INFO	Listening on port 51030
1587265693839	Marionette	WARN	TLS certificate errors will be ignored for this session
1587265697686	Marionette	INFO	Stopped listening on port 51030
JavaScript error: resource://gre/modules/UrlClassifierListManager.jsm, line 680: TypeError: this.tablesData[table] is undefined

###!!! [Child][RunMessage] Error: Channel closing: too late to send/recv, messages will be lost


###!!! [Child][MessageChannel::SendAndWait] Error: Channel error: cannot send/recv

